This is XeTeX, Version 3.141592653-2.6-0.999996 (TeX Live 2024) (preloaded format=xelatex 2025.2.15)  5 MAR 2025 14:00
entering extended mode
 restricted \write18 enabled.
 %&-line parsing enabled.
**defer-infinite.tex
(./defer-infinite.tex
LaTeX2e <2024-11-01> patch level 2
L3 programming layer <2025-01-18>
(/Users/weath/Library/TinyTeX/texmf-dist/tex/latex/koma-script/scrartcl.cls
Document Class: scrartcl 2024/10/24 v3.43 KOMA-Script document class (article)
(/Users/weath/Library/TinyTeX/texmf-dist/tex/latex/koma-script/scrkbase.sty
Package: scrkbase 2024/10/24 v3.43 KOMA-Script package (KOMA-Script-dependent basics and keyval usage)
 (/Users/weath/Library/TinyTeX/texmf-dist/tex/latex/koma-script/scrbase.sty
Package: scrbase 2024/10/24 v3.43 KOMA-Script package (KOMA-Script-independent basics and keyval usage)
 (/Users/weath/Library/TinyTeX/texmf-dist/tex/latex/koma-script/scrlfile.sty
Package: scrlfile 2024/10/24 v3.43 KOMA-Script package (file load hooks)
 (/Users/weath/Library/TinyTeX/texmf-dist/tex/latex/koma-script/scrlfile-hook.sty
Package: scrlfile-hook 2024/10/24 v3.43 KOMA-Script package (using LaTeX hooks)
 (/Users/weath/Library/TinyTeX/texmf-dist/tex/latex/koma-script/scrlogo.sty
Package: scrlogo 2024/10/24 v3.43 KOMA-Script package (logo)
))) (/Users/weath/Library/TinyTeX/texmf-dist/tex/latex/graphics/keyval.sty
Package: keyval 2022/05/29 v1.15 key=value parser (DPC)
\KV@toks@=\toks17
)
Applying: [2021/05/01] Usage of raw or classic option list on input line 254.
Already applied: [0000/00/00] Usage of raw or classic option list on input line 370.
)) (/Users/weath/Library/TinyTeX/texmf-dist/tex/latex/koma-script/tocbasic.sty
Package: tocbasic 2024/10/24 v3.43 KOMA-Script package (handling toc-files)
\scr@dte@tocline@numberwidth=\skip49
\scr@dte@tocline@numbox=\box52
)
Package tocbasic Info: omitting babel extension for `toc'
(tocbasic)             because of feature `nobabel' available
(tocbasic)             for `toc' on input line 135.
Package scrartcl Info: You've used standard option `11pt'.
(scrartcl)             This is correct!
(scrartcl)             Internally I'm using `fontsize=11pt'.
(scrartcl)             If you'd like to set the option with \KOMAoptions,
(scrartcl)             you'd have to use `fontsize=11pt' there
(scrartcl)             instead of `11pt', too.
Class scrartcl Info: File `scrsize11pt.clo' used to setup font sizes on input line 2466.
 (/Users/weath/Library/TinyTeX/texmf-dist/tex/latex/koma-script/scrsize11pt.clo
File: scrsize11pt.clo 2024/10/24 v3.43 KOMA-Script font size class option (11pt)
) (/Users/weath/Library/TinyTeX/texmf-dist/tex/latex/koma-script/typearea.sty
Package: typearea 2024/10/24 v3.43 KOMA-Script package (type area)
\ta@bcor=\skip50
\ta@div=\count192
Package typearea Info: You've used standard option `letterpaper'.
(typearea)             This is correct!
(typearea)             Internally I'm using `paper=letter'.
(typearea)             If you'd like to set the option with \KOMAoptions,
(typearea)             you'd have to use `paper=letter' there
(typearea)             instead of `letterpaper', too.
\ta@hblk=\skip51
\ta@vblk=\skip52
\ta@temp=\skip53
\footheight=\skip54
Package typearea Info: These are the values describing the layout:
(typearea)             DIV  = 11
(typearea)             BCOR = 0.0pt
(typearea)             \paperwidth      = 614.295pt
(typearea)              \textwidth      = 446.76004pt
(typearea)              DIV departure   = -14%
(typearea)              \evensidemargin = 39.41998pt
(typearea)              \oddsidemargin  = -16.425pt
(typearea)             \paperheight     = 794.96999pt
(typearea)              \textheight     = 582.20026pt
(typearea)              \topmargin      = -37.40001pt
(typearea)              \headheight     = 17.0pt
(typearea)              \headsep        = 20.40001pt
(typearea)              \topskip        = 11.0pt
(typearea)              \footskip       = 47.6pt
(typearea)              \baselineskip   = 13.6pt
(typearea)              on input line 1802.
)
\c@part=\count193
\c@section=\count194
\c@subsection=\count195
\c@subsubsection=\count196
\c@paragraph=\count197
\c@subparagraph=\count198
\scr@dte@section@maxnumwidth=\skip55
Class scrartcl Info: using compatibility default `runin=bysign'
(scrartcl)           for `\section on input line 5107.
Class scrartcl Info: using compatibility default `afterindent=bysign'
(scrartcl)           for `\section on input line 5107.
\scr@dte@part@maxnumwidth=\skip56
Class scrartcl Info: using compatibility default `afterindent=false'
(scrartcl)           for `\part on input line 5115.
\scr@dte@subsection@maxnumwidth=\skip57
Class scrartcl Info: using compatibility default `runin=bysign'
(scrartcl)           for `\subsection on input line 5125.
Class scrartcl Info: using compatibility default `afterindent=bysign'
(scrartcl)           for `\subsection on input line 5125.
\scr@dte@subsubsection@maxnumwidth=\skip58
Class scrartcl Info: using compatibility default `runin=bysign'
(scrartcl)           for `\subsubsection on input line 5135.
Class scrartcl Info: using compatibility default `afterindent=bysign'
(scrartcl)           for `\subsubsection on input line 5135.
\scr@dte@paragraph@maxnumwidth=\skip59
Class scrartcl Info: using compatibility default `runin=bysign'
(scrartcl)           for `\paragraph on input line 5146.
Class scrartcl Info: using compatibility default `afterindent=bysign'
(scrartcl)           for `\paragraph on input line 5146.
\scr@dte@subparagraph@maxnumwidth=\skip60
Class scrartcl Info: using compatibility default `runin=bysign'
(scrartcl)           for `\subparagraph on input line 5156.
Class scrartcl Info: using compatibility default `afterindent=bysign'
(scrartcl)           for `\subparagraph on input line 5156.
\abovecaptionskip=\skip61
\belowcaptionskip=\skip62
\c@pti@nb@sid@b@x=\box53
Package tocbasic Info: omitting babel extension for `lof'
(tocbasic)             because of feature `nobabel' available
(tocbasic)             for `lof' on input line 6337.
\scr@dte@figure@maxnumwidth=\skip63
\c@figure=\count199
Package tocbasic Info: omitting babel extension for `lot'
(tocbasic)             because of feature `nobabel' available
(tocbasic)             for `lot' on input line 6353.
\scr@dte@table@maxnumwidth=\skip64
\c@table=\count266
Class scrartcl Info: Redefining `\numberline' on input line 6523.
\bibindent=\dimen141
) (/Users/weath/Library/TinyTeX/texmf-dist/tex/latex/amsmath/amsmath.sty
Package: amsmath 2024/11/05 v2.17t AMS math features
\@mathmargin=\skip65

For additional information on amsmath, use the `?' option.
(/Users/weath/Library/TinyTeX/texmf-dist/tex/latex/amsmath/amstext.sty
Package: amstext 2021/08/26 v2.01 AMS text
 (/Users/weath/Library/TinyTeX/texmf-dist/tex/latex/amsmath/amsgen.sty
File: amsgen.sty 1999/11/30 v2.0 generic functions
\@emptytoks=\toks18
\ex@=\dimen142
)) (/Users/weath/Library/TinyTeX/texmf-dist/tex/latex/amsmath/amsbsy.sty
Package: amsbsy 1999/11/29 v1.2d Bold Symbols
\pmbraise@=\dimen143
) (/Users/weath/Library/TinyTeX/texmf-dist/tex/latex/amsmath/amsopn.sty
Package: amsopn 2022/04/08 v2.04 operator names
)
\inf@bad=\count267
LaTeX Info: Redefining \frac on input line 233.
\uproot@=\count268
\leftroot@=\count269
LaTeX Info: Redefining \overline on input line 398.
LaTeX Info: Redefining \colon on input line 409.
\classnum@=\count270
\DOTSCASE@=\count271
LaTeX Info: Redefining \ldots on input line 495.
LaTeX Info: Redefining \dots on input line 498.
LaTeX Info: Redefining \cdots on input line 619.
\Mathstrutbox@=\box54
\strutbox@=\box55
LaTeX Info: Redefining \big on input line 721.
LaTeX Info: Redefining \Big on input line 722.
LaTeX Info: Redefining \bigg on input line 723.
LaTeX Info: Redefining \Bigg on input line 724.
\big@size=\dimen144
LaTeX Font Info:    Redeclaring font encoding OML on input line 742.
LaTeX Font Info:    Redeclaring font encoding OMS on input line 743.
\macc@depth=\count272
LaTeX Info: Redefining \bmod on input line 904.
LaTeX Info: Redefining \pmod on input line 909.
LaTeX Info: Redefining \smash on input line 939.
LaTeX Info: Redefining \relbar on input line 969.
LaTeX Info: Redefining \Relbar on input line 970.
\c@MaxMatrixCols=\count273
\dotsspace@=\muskip17
\c@parentequation=\count274
\dspbrk@lvl=\count275
\tag@help=\toks19
\row@=\count276
\column@=\count277
\maxfields@=\count278
\andhelp@=\toks20
\eqnshift@=\dimen145
\alignsep@=\dimen146
\tagshift@=\dimen147
\tagwidth@=\dimen148
\totwidth@=\dimen149
\lineht@=\dimen150
\@envbody=\toks21
\multlinegap=\skip66
\multlinetaggap=\skip67
\mathdisplay@stack=\toks22
LaTeX Info: Redefining \[ on input line 2953.
LaTeX Info: Redefining \] on input line 2954.
) (/Users/weath/Library/TinyTeX/texmf-dist/tex/latex/amsfonts/amssymb.sty
Package: amssymb 2013/01/14 v3.01 AMS font symbols
 (/Users/weath/Library/TinyTeX/texmf-dist/tex/latex/amsfonts/amsfonts.sty
Package: amsfonts 2013/01/14 v3.01 Basic AMSFonts support
\symAMSa=\mathgroup4
\symAMSb=\mathgroup5
LaTeX Font Info:    Redeclaring math symbol \hbar on input line 98.
LaTeX Font Info:    Overwriting math alphabet `\mathfrak' in version `bold'
(Font)                  U/euf/m/n --> U/euf/b/n on input line 106.
)) (/Users/weath/Library/TinyTeX/texmf-dist/tex/latex/setspace/setspace.sty
Package: setspace 2022/12/04 v6.7b set line spacing
) (/Users/weath/Library/TinyTeX/texmf-dist/tex/generic/iftex/iftex.sty
Package: iftex 2024/12/12 v1.0g TeX engine tests
) (/Users/weath/Library/TinyTeX/texmf-dist/tex/latex/unicode-math/unicode-math.sty (/Users/weath/Library/TinyTeX/texmf-dist/tex/latex/l3kernel/expl3.sty
Package: expl3 2025-01-18 L3 programming layer (loader) 
 (/Users/weath/Library/TinyTeX/texmf-dist/tex/latex/l3backend/l3backend-xetex.def
File: l3backend-xetex.def 2024-05-08 L3 backend support: XeTeX
\g__graphics_track_int=\count279
\l__pdf_internal_box=\box56
\g__pdf_backend_annotation_int=\count280
\g__pdf_backend_link_int=\count281
))
Package: unicode-math 2023/08/13 v0.8r Unicode maths in XeLaTeX and LuaLaTeX
 (/Users/weath/Library/TinyTeX/texmf-dist/tex/latex/unicode-math/unicode-math-xetex.sty
Package: unicode-math-xetex 2023/08/13 v0.8r Unicode maths in XeLaTeX and LuaLaTeX
 (/Users/weath/Library/TinyTeX/texmf-dist/tex/latex/l3packages/xparse/xparse.sty
Package: xparse 2024-08-16 L3 Experimental document command parser
) (/Users/weath/Library/TinyTeX/texmf-dist/tex/latex/l3packages/l3keys2e/l3keys2e.sty
Package: l3keys2e 2024-08-16 LaTeX2e option processing using LaTeX3 keys
) (/Users/weath/Library/TinyTeX/texmf-dist/tex/latex/fontspec/fontspec.sty
Package: fontspec 2024/05/11 v2.9e Font selection for XeLaTeX and LuaLaTeX
 (/Users/weath/Library/TinyTeX/texmf-dist/tex/latex/fontspec/fontspec-xetex.sty
Package: fontspec-xetex 2024/05/11 v2.9e Font selection for XeLaTeX and LuaLaTeX
\l__fontspec_script_int=\count282
\l__fontspec_language_int=\count283
\l__fontspec_strnum_int=\count284
\l__fontspec_tmp_int=\count285
\l__fontspec_tmpa_int=\count286
\l__fontspec_tmpb_int=\count287
\l__fontspec_tmpc_int=\count288
\l__fontspec_em_int=\count289
\l__fontspec_emdef_int=\count290
\l__fontspec_strong_int=\count291
\l__fontspec_strongdef_int=\count292
\l__fontspec_tmpa_dim=\dimen151
\l__fontspec_tmpb_dim=\dimen152
\l__fontspec_tmpc_dim=\dimen153
 (/Users/weath/Library/TinyTeX/texmf-dist/tex/latex/base/fontenc.sty
Package: fontenc 2021/04/29 v2.0v Standard LaTeX package
) (/Users/weath/Library/TinyTeX/texmf-dist/tex/latex/fontspec/fontspec.cfg))) (/Users/weath/Library/TinyTeX/texmf-dist/tex/latex/base/fix-cm.sty
Package: fix-cm 2020/11/24 v1.1t fixes to LaTeX
 (/Users/weath/Library/TinyTeX/texmf-dist/tex/latex/base/ts1enc.def
File: ts1enc.def 2001/06/05 v3.0e (jk/car/fm) Standard LaTeX file
LaTeX Font Info:    Redeclaring font encoding TS1 on input line 47.
))
\g__um_fam_int=\count293
\g__um_fonts_used_int=\count294
\l__um_primecount_int=\count295
\g__um_primekern_muskip=\muskip18
 (/Users/weath/Library/TinyTeX/texmf-dist/tex/latex/unicode-math/unicode-math-table.tex))) (/Users/weath/Library/TinyTeX/texmf-dist/tex/latex/lm/lmodern.sty
Package: lmodern 2015/05/01 v1.6.1 Latin Modern Fonts
LaTeX Font Info:    Overwriting symbol font `operators' in version `normal'
(Font)                  OT1/cmr/m/n --> OT1/lmr/m/n on input line 22.
LaTeX Font Info:    Overwriting symbol font `letters' in version `normal'
(Font)                  OML/cmm/m/it --> OML/lmm/m/it on input line 23.
LaTeX Font Info:    Overwriting symbol font `symbols' in version `normal'
(Font)                  OMS/cmsy/m/n --> OMS/lmsy/m/n on input line 24.
LaTeX Font Info:    Overwriting symbol font `largesymbols' in version `normal'
(Font)                  OMX/cmex/m/n --> OMX/lmex/m/n on input line 25.
LaTeX Font Info:    Overwriting symbol font `operators' in version `bold'
(Font)                  OT1/cmr/bx/n --> OT1/lmr/bx/n on input line 26.
LaTeX Font Info:    Overwriting symbol font `letters' in version `bold'
(Font)                  OML/cmm/b/it --> OML/lmm/b/it on input line 27.
LaTeX Font Info:    Overwriting symbol font `symbols' in version `bold'
(Font)                  OMS/cmsy/b/n --> OMS/lmsy/b/n on input line 28.
LaTeX Font Info:    Overwriting symbol font `largesymbols' in version `bold'
(Font)                  OMX/cmex/m/n --> OMX/lmex/m/n on input line 29.
LaTeX Font Info:    Overwriting math alphabet `\mathbf' in version `normal'
(Font)                  OT1/cmr/bx/n --> OT1/lmr/bx/n on input line 31.
LaTeX Font Info:    Overwriting math alphabet `\mathsf' in version `normal'
(Font)                  OT1/cmss/m/n --> OT1/lmss/m/n on input line 32.
LaTeX Font Info:    Overwriting math alphabet `\mathit' in version `normal'
(Font)                  OT1/cmr/m/it --> OT1/lmr/m/it on input line 33.
LaTeX Font Info:    Overwriting math alphabet `\mathtt' in version `normal'
(Font)                  OT1/cmtt/m/n --> OT1/lmtt/m/n on input line 34.
LaTeX Font Info:    Overwriting math alphabet `\mathbf' in version `bold'
(Font)                  OT1/cmr/bx/n --> OT1/lmr/bx/n on input line 35.
LaTeX Font Info:    Overwriting math alphabet `\mathsf' in version `bold'
(Font)                  OT1/cmss/bx/n --> OT1/lmss/bx/n on input line 36.
LaTeX Font Info:    Overwriting math alphabet `\mathit' in version `bold'
(Font)                  OT1/cmr/bx/it --> OT1/lmr/bx/it on input line 37.
LaTeX Font Info:    Overwriting math alphabet `\mathtt' in version `bold'
(Font)                  OT1/cmtt/m/n --> OT1/lmtt/m/n on input line 38.
)

Package fontspec Info: 
(fontspec)             EB Garamond Math scale = 1.081538310907209.


Package fontspec Info: 
(fontspec)             EB Garamond Math scale = 1.


Package fontspec Info: 
(fontspec)             EB Garamond Math scale = 1.081538310907209.


Package fontspec Info: 
(fontspec)             EB Garamond Math scale = 1.


Package fontspec Info: 
(fontspec)             EB Garamond Bold scale = 1.081538310907209.


Package fontspec Info: 
(fontspec)             EB Garamond Bold scale = 1.


Package fontspec Info: 
(fontspec)             EB Garamond Italic scale = 1.081538310907209.


Package fontspec Info: 
(fontspec)             EB Garamond Italic scale = 1.


Package fontspec Info: 
(fontspec)             EB Garamond Italic/B scale = 1.081538310907209.


Package fontspec Info: 
(fontspec)             EB Garamond Italic/B scale = 1.


Package fontspec Info: 
(fontspec)             Font family 'EBGaramondMath(0)' created for font 'EB
(fontspec)             Garamond Math' with options
(fontspec)             [Scale=MatchLowercase,Ligatures=TeX,Scale=1,ItalicFont=EB
(fontspec)             Garamond Italic,BoldFont=EB Garamond Bold].
(fontspec)              
(fontspec)              This font family consists of the following NFSS
(fontspec)             series/shapes:
(fontspec)              
(fontspec)             - 'normal' (m/n) with NFSS spec.: <->s*[1]"EB Garamond
(fontspec)             Math/AAT:mapping=tex-text;"
(fontspec)             - 'bold' (b/n) with NFSS spec.: <->s*[1]"EB Garamond
(fontspec)             Bold/AAT:mapping=tex-text;"
(fontspec)             - 'italic' (m/it) with NFSS spec.: <->s*[1]"EB Garamond
(fontspec)             Italic/AAT:mapping=tex-text;"
(fontspec)             - 'bold italic' (b/it) with NFSS spec.: <->s*[1]"EB
(fontspec)             Garamond Italic/B/AAT:mapping=tex-text;"

LaTeX Font Info:    Font shape `TU/EBGaramondMath(0)/m/n' will be
(Font)              scaled to size 10.95pt on input line 29.

Package fontspec Info: 
(fontspec)             EB Garamond Math scale = 0.9999965032030661.


Package fontspec Info: 
(fontspec)             EB Garamond Math scale = 0.9999965032030661.


Package fontspec Info: 
(fontspec)             EB Garamond Bold scale = 0.9999965032030661.


Package fontspec Info: 
(fontspec)             EB Garamond Italic scale = 0.9999965032030661.


Package fontspec Info: 
(fontspec)             EB Garamond Italic/B scale = 0.9999965032030661.


Package fontspec Info: 
(fontspec)             Font family 'EBGaramondMath(1)' created for font 'EB
(fontspec)             Garamond Math' with options
(fontspec)             [Scale=MatchLowercase,ItalicFont=EB Garamond
(fontspec)             Italic,BoldFont=EB Garamond Bold].
(fontspec)              
(fontspec)              This font family consists of the following NFSS
(fontspec)             series/shapes:
(fontspec)              
(fontspec)             - 'normal' (m/n) with NFSS spec.:
(fontspec)             <->s*[0.9999965032030661]"EB Garamond Math/AAT"
(fontspec)             - 'bold' (b/n) with NFSS spec.:
(fontspec)             <->s*[0.9999965032030661]"EB Garamond Bold/AAT"
(fontspec)             - 'italic' (m/it) with NFSS spec.:
(fontspec)             <->s*[0.9999965032030661]"EB Garamond Italic/AAT"
(fontspec)             - 'bold italic' (b/it) with NFSS spec.:
(fontspec)             <->s*[0.9999965032030661]"EB Garamond Italic/B/AAT"

LaTeX Font Info:    Overwriting math alphabet `\mathrm' in version `normal'
(Font)                  OT1/lmr/m/n --> TU/EBGaramondMath(1)/m/n on input line 29.
LaTeX Font Info:    Overwriting math alphabet `\mathit' in version `normal'
(Font)                  OT1/lmr/m/it --> TU/EBGaramondMath(1)/m/it on input line 29.
LaTeX Font Info:    Overwriting math alphabet `\mathbf' in version `normal'
(Font)                  OT1/lmr/bx/n --> TU/EBGaramondMath(1)/b/n on input line 29.

Package fontspec Info: 
(fontspec)             EB Garamond scale = 0.9962619492210363.


Package fontspec Info: 
(fontspec)             EB Garamond scale = 0.9962619492210363.


Package fontspec Info: 
(fontspec)             EB Garamond scale = 0.9962619492210363.


Package fontspec Info: 
(fontspec)             EB Garamond/B scale = 0.9962619492210363.


Package fontspec Info: 
(fontspec)             EB Garamond/B scale = 0.9962619492210363.


Package fontspec Info: 
(fontspec)             EB Garamond/I scale = 0.9962619492210363.


Package fontspec Info: 
(fontspec)             EB Garamond/I scale = 0.9962619492210363.


Package fontspec Info: 
(fontspec)             EB Garamond/BI scale = 0.9962619492210363.


Package fontspec Info: 
(fontspec)             EB Garamond/BI scale = 0.9962619492210363.


Package fontspec Info: 
(fontspec)             Font family 'EBGaramond(0)' created for font 'EB
(fontspec)             Garamond' with options
(fontspec)             [Scale=MatchLowercase,Ligatures=TeX].
(fontspec)              
(fontspec)              This font family consists of the following NFSS
(fontspec)             series/shapes:
(fontspec)              
(fontspec)             - 'normal' (m/n) with NFSS spec.:
(fontspec)             <->s*[0.9962619492210363]"EB
(fontspec)             Garamond/OT:script=latn;language=dflt;mapping=tex-text;"
(fontspec)             - 'small caps'  (m/sc) with NFSS spec.:
(fontspec)             <->s*[0.9962619492210363]"EB
(fontspec)             Garamond/OT:script=latn;language=dflt;+smcp;mapping=tex-text;"
(fontspec)             - 'bold' (b/n) with NFSS spec.:
(fontspec)             <->s*[0.9962619492210363]"EB
(fontspec)             Garamond/B/OT:script=latn;language=dflt;mapping=tex-text;"
(fontspec)             - 'bold small caps'  (b/sc) with NFSS spec.:
(fontspec)             <->s*[0.9962619492210363]"EB
(fontspec)             Garamond/B/OT:script=latn;language=dflt;+smcp;mapping=tex-text;"
(fontspec)             - 'italic' (m/it) with NFSS spec.:
(fontspec)             <->s*[0.9962619492210363]"EB
(fontspec)             Garamond/I/OT:script=latn;language=dflt;mapping=tex-text;"
(fontspec)             - 'italic small caps'  (m/scit) with NFSS spec.:
(fontspec)             <->s*[0.9962619492210363]"EB
(fontspec)             Garamond/I/OT:script=latn;language=dflt;+smcp;mapping=tex-text;"
(fontspec)             - 'bold italic' (b/it) with NFSS spec.:
(fontspec)             <->s*[0.9962619492210363]"EB
(fontspec)             Garamond/BI/OT:script=latn;language=dflt;mapping=tex-text;"
(fontspec)             - 'bold italic small caps'  (b/scit) with NFSS spec.:
(fontspec)             <->s*[0.9962619492210363]"EB
(fontspec)             Garamond/BI/OT:script=latn;language=dflt;+smcp;mapping=tex-text;"


Package fontspec Info: 
(fontspec)             EB Garamond scale = 0.9962619492210363.


Package fontspec Info: 
(fontspec)             EB Garamond scale = 0.9962619492210363.


Package fontspec Info: 
(fontspec)             EB Garamond scale = 0.9962619492210363.


Package fontspec Info: 
(fontspec)             EB Garamond/B scale = 0.9962619492210363.


Package fontspec Info: 
(fontspec)             EB Garamond/B scale = 0.9962619492210363.


Package fontspec Info: 
(fontspec)             EB Garamond/I scale = 0.9962619492210363.


Package fontspec Info: 
(fontspec)             EB Garamond/I scale = 0.9962619492210363.


Package fontspec Info: 
(fontspec)             EB Garamond/BI scale = 0.9962619492210363.


Package fontspec Info: 
(fontspec)             EB Garamond/BI scale = 0.9962619492210363.


Package fontspec Info: 
(fontspec)             Font family 'EBGaramond(1)' created for font 'EB
(fontspec)             Garamond' with options [Scale=MatchLowercase].
(fontspec)              
(fontspec)              This font family consists of the following NFSS
(fontspec)             series/shapes:
(fontspec)              
(fontspec)             - 'normal' (m/n) with NFSS spec.:
(fontspec)             <->s*[0.9962619492210363]"EB
(fontspec)             Garamond/OT:script=latn;language=dflt;"
(fontspec)             - 'small caps'  (m/sc) with NFSS spec.:
(fontspec)             <->s*[0.9962619492210363]"EB
(fontspec)             Garamond/OT:script=latn;language=dflt;+smcp;"
(fontspec)             - 'bold' (b/n) with NFSS spec.:
(fontspec)             <->s*[0.9962619492210363]"EB
(fontspec)             Garamond/B/OT:script=latn;language=dflt;"
(fontspec)             - 'bold small caps'  (b/sc) with NFSS spec.:
(fontspec)             <->s*[0.9962619492210363]"EB
(fontspec)             Garamond/B/OT:script=latn;language=dflt;+smcp;"
(fontspec)             - 'italic' (m/it) with NFSS spec.:
(fontspec)             <->s*[0.9962619492210363]"EB
(fontspec)             Garamond/I/OT:script=latn;language=dflt;"
(fontspec)             - 'italic small caps'  (m/scit) with NFSS spec.:
(fontspec)             <->s*[0.9962619492210363]"EB
(fontspec)             Garamond/I/OT:script=latn;language=dflt;+smcp;"
(fontspec)             - 'bold italic' (b/it) with NFSS spec.:
(fontspec)             <->s*[0.9962619492210363]"EB
(fontspec)             Garamond/BI/OT:script=latn;language=dflt;"
(fontspec)             - 'bold italic small caps'  (b/scit) with NFSS spec.:
(fontspec)             <->s*[0.9962619492210363]"EB
(fontspec)             Garamond/BI/OT:script=latn;language=dflt;+smcp;"

LaTeX Font Info:    Overwriting math alphabet `\mathsf' in version `normal'
(Font)                  OT1/lmss/m/n --> TU/EBGaramond(1)/m/n on input line 30.
LaTeX Font Info:    Overwriting math alphabet `\mathsf' in version `bold'
(Font)                  OT1/lmss/bx/n --> TU/EBGaramond(1)/b/n on input line 30.

Package fontspec Info: 
(fontspec)             Garamond-Math scale = 0.8855661770853657.


Package fontspec Info: 
(fontspec)             Could not resolve font "Garamond-Math/B" (it probably
(fontspec)             doesn't exist).


Package fontspec Info: 
(fontspec)             Garamond-Math scale = 0.8855661770853657.


Package fontspec Info: 
(fontspec)             Font family 'Garamond-Math(0)' created for font
(fontspec)             'Garamond-Math' with options
(fontspec)             [Scale=MatchLowercase,BoldItalicFont={},ItalicFont={},SmallCapsFont={},Script=Math].
(fontspec)              
(fontspec)              This font family consists of the following NFSS
(fontspec)             series/shapes:
(fontspec)              
(fontspec)             - 'normal' (m/n) with NFSS spec.:
(fontspec)             <->s*[0.8855661770853657]"Garamond-Math/OT:script=math;language=dflt;"

LaTeX Font Info:    Font shape `TU/Garamond-Math(0)/m/n' will be
(Font)              scaled to size 9.69687pt on input line 31.

Package fontspec Info: 
(fontspec)             Garamond-Math scale = 0.8855661770853657.


Package fontspec Info: 
(fontspec)             Could not resolve font "Garamond-Math/B" (it probably
(fontspec)             doesn't exist).


Package fontspec Info: 
(fontspec)             Garamond-Math scale = 0.8855661770853657.


Package fontspec Info: 
(fontspec)             Garamond-Math scale = 0.8855661770853657.


Package fontspec Info: 
(fontspec)             Garamond-Math scale = 0.8855661770853657.


Package fontspec Info: 
(fontspec)             Font family 'Garamond-Math(1)' created for font
(fontspec)             'Garamond-Math' with options
(fontspec)             [Scale=MatchLowercase,BoldItalicFont={},ItalicFont={},SmallCapsFont={},Script=Math,SizeFeatures={{Size=9.3075-},{Size=6.57-9.3075,Font=Garamond-Math,Style=MathScript},{Size=-6.57,Font=Garamond-Math,Style=MathScriptScript}}].
(fontspec)              
(fontspec)              This font family consists of the following NFSS
(fontspec)             series/shapes:
(fontspec)              
(fontspec)             - 'normal' (m/n) with NFSS spec.:
(fontspec)             <9.3075->s*[0.8855661770853657]"Garamond-Math/OT:script=math;language=dflt;"<6.57-9.3075>s*[0.8855661770853657]"Garamond-Math/OT:script=math;language=dflt;+ssty=0;"<-6.57>s*[0.8855661770853657]"Garamond-Math/OT:script=math;language=dflt;+ssty=1;"

LaTeX Font Info:    Font shape `TU/Garamond-Math(1)/m/n' will be
(Font)              scaled to size 9.69687pt on input line 31.
LaTeX Font Info:    Encoding `OT1' has changed to `TU' for symbol font
(Font)              `operators' in the math version `normal' on input line 31.
LaTeX Font Info:    Overwriting symbol font `operators' in version `normal'
(Font)                  OT1/lmr/m/n --> TU/Garamond-Math(1)/m/n on input line 31.
LaTeX Font Info:    Encoding `OT1' has changed to `TU' for symbol font
(Font)              `operators' in the math version `bold' on input line 31.
LaTeX Font Info:    Overwriting symbol font `operators' in version `bold'
(Font)                  OT1/lmr/bx/n --> TU/Garamond-Math(1)/b/n on input line 31.

Package fontspec Info: 
(fontspec)             Garamond-Math scale = 0.8855661770853657.


Package fontspec Info: 
(fontspec)             Garamond-Math scale = 0.8856547337030742.


Package fontspec Info: 
(fontspec)             Could not resolve font "Garamond-Math/B" (it probably
(fontspec)             doesn't exist).


Package fontspec Info: 
(fontspec)             Garamond-Math scale = 0.8855661770853657.


Package fontspec Info: 
(fontspec)             Garamond-Math scale = 0.8856547337030742.


Package fontspec Info: 
(fontspec)             Garamond-Math scale = 0.8855661770853657.


Package fontspec Info: 
(fontspec)             Garamond-Math scale = 0.8856547337030742.


Package fontspec Info: 
(fontspec)             Garamond-Math scale = 0.8855661770853657.


Package fontspec Info: 
(fontspec)             Garamond-Math scale = 0.8856547337030742.


Package fontspec Info: 
(fontspec)             Font family 'Garamond-Math(2)' created for font
(fontspec)             'Garamond-Math' with options
(fontspec)             [Scale=MatchLowercase,BoldItalicFont={},ItalicFont={},SmallCapsFont={},Script=Math,SizeFeatures={{Size=9.3075-},{Size=6.57-9.3075,Font=Garamond-Math,Style=MathScript},{Size=-6.57,Font=Garamond-Math,Style=MathScriptScript}},ScaleAgain=1.0001,FontAdjustment={\fontdimen
(fontspec)             8\font =6.14781pt\relax \fontdimen 9\font
(fontspec)             =4.16965pt\relax \fontdimen 10\font =4.16965pt\relax
(fontspec)             \fontdimen 11\font =5.79872pt\relax \fontdimen 12\font
(fontspec)             =2.57936pt\relax \fontdimen 13\font =4.16965pt\relax
(fontspec)             \fontdimen 14\font =4.16965pt\relax \fontdimen 15\font
(fontspec)             =2.90906pt\relax \fontdimen 16\font =2.42422pt\relax
(fontspec)             \fontdimen 17\font =2.42422pt\relax \fontdimen 18\font
(fontspec)             =2.23029pt\relax \fontdimen 19\font =1.45453pt\relax
(fontspec)             \fontdimen 22\font =2.42422pt\relax \fontdimen 20\font
(fontspec)             =0pt\relax \fontdimen 21\font =0pt\relax }].
(fontspec)              
(fontspec)              This font family consists of the following NFSS
(fontspec)             series/shapes:
(fontspec)              
(fontspec)             - 'normal' (m/n) with NFSS spec.:
(fontspec)             <9.3075->s*[0.8856547337030742]"Garamond-Math/OT:script=math;language=dflt;"<6.57-9.3075>s*[0.8856547337030742]"Garamond-Math/OT:script=math;language=dflt;+ssty=0;"<-6.57>s*[0.8856547337030742]"Garamond-Math/OT:script=math;language=dflt;+ssty=1;"

LaTeX Font Info:    Encoding `OMS' has changed to `TU' for symbol font
(Font)              `symbols' in the math version `normal' on input line 31.
LaTeX Font Info:    Overwriting symbol font `symbols' in version `normal'
(Font)                  OMS/lmsy/m/n --> TU/Garamond-Math(2)/m/n on input line 31.
LaTeX Font Info:    Encoding `OMS' has changed to `TU' for symbol font
(Font)              `symbols' in the math version `bold' on input line 31.
LaTeX Font Info:    Overwriting symbol font `symbols' in version `bold'
(Font)                  OMS/lmsy/b/n --> TU/Garamond-Math(2)/b/n on input line 31.

Package fontspec Info: 
(fontspec)             Garamond-Math scale = 0.8855661770853657.


Package fontspec Info: 
(fontspec)             Garamond-Math scale = 0.8854776204676572.


Package fontspec Info: 
(fontspec)             Could not resolve font "Garamond-Math/B" (it probably
(fontspec)             doesn't exist).


Package fontspec Info: 
(fontspec)             Garamond-Math scale = 0.8855661770853657.


Package fontspec Info: 
(fontspec)             Garamond-Math scale = 0.8854776204676572.


Package fontspec Info: 
(fontspec)             Garamond-Math scale = 0.8855661770853657.


Package fontspec Info: 
(fontspec)             Garamond-Math scale = 0.8854776204676572.


Package fontspec Info: 
(fontspec)             Garamond-Math scale = 0.8855661770853657.


Package fontspec Info: 
(fontspec)             Garamond-Math scale = 0.8854776204676572.


Package fontspec Info: 
(fontspec)             Font family 'Garamond-Math(3)' created for font
(fontspec)             'Garamond-Math' with options
(fontspec)             [Scale=MatchLowercase,BoldItalicFont={},ItalicFont={},SmallCapsFont={},Script=Math,SizeFeatures={{Size=9.3075-},{Size=6.57-9.3075,Font=Garamond-Math,Style=MathScript},{Size=-6.57,Font=Garamond-Math,Style=MathScriptScript}},ScaleAgain=0.9999,FontAdjustment={\fontdimen
(fontspec)             8\font =0.48485pt\relax \fontdimen 9\font
(fontspec)             =0.96968pt\relax \fontdimen 10\font =0.96968pt\relax
(fontspec)             \fontdimen 11\font =0.96968pt\relax \fontdimen 12\font
(fontspec)             =4.19875pt\relax \fontdimen 13\font =0pt\relax }].
(fontspec)              
(fontspec)              This font family consists of the following NFSS
(fontspec)             series/shapes:
(fontspec)              
(fontspec)             - 'normal' (m/n) with NFSS spec.:
(fontspec)             <9.3075->s*[0.8854776204676572]"Garamond-Math/OT:script=math;language=dflt;"<6.57-9.3075>s*[0.8854776204676572]"Garamond-Math/OT:script=math;language=dflt;+ssty=0;"<-6.57>s*[0.8854776204676572]"Garamond-Math/OT:script=math;language=dflt;+ssty=1;"

LaTeX Font Info:    Encoding `OMX' has changed to `TU' for symbol font
(Font)              `largesymbols' in the math version `normal' on input line 31.
LaTeX Font Info:    Overwriting symbol font `largesymbols' in version `normal'
(Font)                  OMX/lmex/m/n --> TU/Garamond-Math(3)/m/n on input line 31.
LaTeX Font Info:    Encoding `OMX' has changed to `TU' for symbol font
(Font)              `largesymbols' in the math version `bold' on input line 31.
LaTeX Font Info:    Overwriting symbol font `largesymbols' in version `bold'
(Font)                  OMX/lmex/m/n --> TU/Garamond-Math(3)/b/n on input line 31.
 (/Users/weath/Library/TinyTeX/texmf-dist/tex/latex/xcolor/xcolor.sty
Package: xcolor 2024/09/29 v3.02 LaTeX color extensions (UK)
 (/Users/weath/Library/TinyTeX/texmf-dist/tex/latex/graphics-cfg/color.cfg
File: color.cfg 2016/01/02 v1.6 sample color configuration
)
Package xcolor Info: Driver file: xetex.def on input line 274.
 (/Users/weath/Library/TinyTeX/texmf-dist/tex/latex/graphics-def/xetex.def
File: xetex.def 2022/09/22 v5.0n Graphics/color driver for xetex
) (/Users/weath/Library/TinyTeX/texmf-dist/tex/latex/graphics/mathcolor.ltx)
Package xcolor Info: Model `cmy' substituted by `cmy0' on input line 1349.
Package xcolor Info: Model `RGB' extended on input line 1365.
Package xcolor Info: Model `HTML' substituted by `rgb' on input line 1367.
Package xcolor Info: Model `Hsb' substituted by `hsb' on input line 1368.
Package xcolor Info: Model `tHsb' substituted by `hsb' on input line 1369.
Package xcolor Info: Model `HSB' substituted by `hsb' on input line 1370.
Package xcolor Info: Model `Gray' substituted by `gray' on input line 1371.
Package xcolor Info: Model `wave' substituted by `hsb' on input line 1372.
) (/Users/weath/Library/TinyTeX/texmf-dist/tex/latex/geometry/geometry.sty
Package: geometry 2020/01/02 v5.9 Page Geometry
 (/Users/weath/Library/TinyTeX/texmf-dist/tex/generic/iftex/ifvtex.sty
Package: ifvtex 2019/10/25 v1.7 ifvtex legacy package. Use iftex instead.
)
\Gm@cnth=\count296
\Gm@cntv=\count297
\c@Gm@tempcnt=\count298
\Gm@bindingoffset=\dimen154
\Gm@wd@mp=\dimen155
\Gm@odd@mp=\dimen156
\Gm@even@mp=\dimen157
\Gm@layoutwidth=\dimen158
\Gm@layoutheight=\dimen159
\Gm@layouthoffset=\dimen160
\Gm@layoutvoffset=\dimen161
\Gm@dimlist=\toks23
) (/Users/weath/Library/TinyTeX/texmf-dist/tex/latex/tools/longtable.sty
Package: longtable 2024-10-27 v4.22 Multi-page Table package (DPC)
\LTleft=\skip68
\LTright=\skip69
\LTpre=\skip70
\LTpost=\skip71
\LTchunksize=\count299
\LTcapwidth=\dimen162
\LT@head=\box57
\LT@firsthead=\box58
\LT@foot=\box59
\LT@lastfoot=\box60
\LT@gbox=\box61
\LT@cols=\count300
\LT@rows=\count301
\c@LT@tables=\count302
\c@LT@chunks=\count303
\LT@p@ftn=\toks24
)
Class scrartcl Info: longtable captions redefined on input line 71.
 (/Users/weath/Library/TinyTeX/texmf-dist/tex/latex/booktabs/booktabs.sty
Package: booktabs 2020/01/12 v1.61803398 Publication quality tables
\heavyrulewidth=\dimen163
\lightrulewidth=\dimen164
\cmidrulewidth=\dimen165
\belowrulesep=\dimen166
\belowbottomsep=\dimen167
\aboverulesep=\dimen168
\abovetopsep=\dimen169
\cmidrulesep=\dimen170
\cmidrulekern=\dimen171
\defaultaddspace=\dimen172
\@cmidla=\count304
\@cmidlb=\count305
\@aboverulesep=\dimen173
\@belowrulesep=\dimen174
\@thisruleclass=\count306
\@lastruleclass=\count307
\@thisrulewidth=\dimen175
) (/Users/weath/Library/TinyTeX/texmf-dist/tex/latex/tools/array.sty
Package: array 2024/10/17 v2.6g Tabular extension package (FMi)
\col@sep=\dimen176
\ar@mcellbox=\box62
\extrarowheight=\dimen177
\NC@list=\toks25
\extratabsurround=\skip72
\backup@length=\skip73
\ar@cellbox=\box63
) (/Users/weath/Library/TinyTeX/texmf-dist/tex/latex/tools/calc.sty
Package: calc 2023/07/08 v4.3 Infix arithmetic (KKT,FJ)
\calc@Acount=\count308
\calc@Bcount=\count309
\calc@Adimen=\dimen178
\calc@Bdimen=\dimen179
\calc@Askip=\skip74
\calc@Bskip=\skip75
LaTeX Info: Redefining \setlength on input line 80.
LaTeX Info: Redefining \addtolength on input line 81.
\calc@Ccount=\count310
\calc@Cskip=\skip76
) (/Users/weath/Library/TinyTeX/texmf-dist/tex/latex/etoolbox/etoolbox.sty
Package: etoolbox 2025/02/11 v2.5l e-TeX tools for LaTeX (JAW)
\etb@tempcnta=\count311
) (/Users/weath/Library/TinyTeX/texmf-dist/tex/latex/mdwtools/footnote.sty
Package: footnote 1997/01/28 1.13 Save footnotes around boxes
\fn@notes=\box64
\fn@width=\dimen180
) (/Users/weath/Library/TinyTeX/texmf-dist/tex/latex/graphics/graphicx.sty
Package: graphicx 2021/09/16 v1.2d Enhanced LaTeX Graphics (DPC,SPQR)
 (/Users/weath/Library/TinyTeX/texmf-dist/tex/latex/graphics/graphics.sty
Package: graphics 2024/08/06 v1.4g Standard LaTeX Graphics (DPC,SPQR)
 (/Users/weath/Library/TinyTeX/texmf-dist/tex/latex/graphics/trig.sty
Package: trig 2023/12/02 v1.11 sin cos tan (DPC)
) (/Users/weath/Library/TinyTeX/texmf-dist/tex/latex/graphics-cfg/graphics.cfg
File: graphics.cfg 2016/06/04 v1.11 sample graphics configuration
)
Package graphics Info: Driver file: xetex.def on input line 106.
)
\Gin@req@height=\dimen181
\Gin@req@width=\dimen182
)
\pandoc@box=\box65
\cslhangindent=\skip77
\csllabelwidth=\skip78
 (/Users/weath/Library/TinyTeX/texmf-dist/tex/latex/koma-script/scrlayer-scrpage.sty
Package: scrlayer-scrpage 2024/10/24 v3.43 KOMA-Script package (end user interface for scrlayer)
 (/Users/weath/Library/TinyTeX/texmf-dist/tex/latex/koma-script/scrlayer.sty
Package: scrlayer 2024/10/24 v3.43 KOMA-Script package (defining layers and page styles)
Package scrlayer Info: patching LaTeX kernel macro \pagestyle on input line 2182.
)
Package scrlayer-scrpage Info: Makeing stand-alone element `pagehead' from
(scrlayer-scrpage)             alias to `pageheadfoot' on input line 1106.
)

Package fontspec Info: 
(fontspec)             EB Garamond scale = 0.9962619492210363.

 (/Users/weath/Library/TinyTeX/texmf-dist/tex/latex/caption/caption.sty
Package: caption 2023/08/05 v3.6o Customizing captions (AR)
 (/Users/weath/Library/TinyTeX/texmf-dist/tex/latex/caption/caption3.sty
Package: caption3 2023/07/31 v2.4d caption3 kernel (AR)
\caption@tempdima=\dimen183
\captionmargin=\dimen184
\caption@leftmargin=\dimen185
\caption@rightmargin=\dimen186
\caption@width=\dimen187
\caption@indent=\dimen188
\caption@parindent=\dimen189
\caption@hangindent=\dimen190
Package caption Info: KOMA-Script document class detected.
 (/Users/weath/Library/TinyTeX/texmf-dist/tex/latex/caption/caption-koma.sto
File: caption-koma.sto 2023/09/08 v2.0e Adaption of the caption package to the KOMA-Script document classes (AR)
))
\c@caption@flags=\count312
\c@continuedfloat=\count313
Package caption Info: longtable package is loaded.
 (/Users/weath/Library/TinyTeX/texmf-dist/tex/latex/caption/ltcaption.sty
Package: ltcaption 2021/01/08 v1.4c longtable captions (AR)
)
Package caption Info: KOMA-Script scrextend package detected.
\caption@addmargin@hsize=\dimen191
\caption@addmargin@linewidth=\dimen192
) (/Users/weath/Library/TinyTeX/texmf-dist/tex/latex/float/float.sty
Package: float 2001/11/08 v1.3d Float enhancements (AL)
\c@float@type=\count314
\float@exts=\toks26
\float@box=\box66
\@float@everytoks=\toks27
\@floatcapt=\box67
)
\@float@every@codelisting=\toks28
\c@codelisting=\count315
 (/Users/weath/Library/TinyTeX/texmf-dist/tex/latex/caption/subcaption.sty
Package: subcaption 2023/07/28 v1.6b Sub-captions (AR)
Package caption Info: New subtype `subfigure' on input line 238.
\c@subfigure=\count316
Package caption Info: New subtype `subtable' on input line 238.
\c@subtable=\count317
) (/Users/weath/Library/TinyTeX/texmf-dist/tex/latex/bookmark/bookmark.sty
Package: bookmark 2023-12-10 v1.31 PDF bookmarks (HO)
 (/Users/weath/Library/TinyTeX/texmf-dist/tex/latex/hyperref/hyperref.sty
Package: hyperref 2024-11-05 v7.01l Hypertext links for LaTeX
 (/Users/weath/Library/TinyTeX/texmf-dist/tex/latex/kvsetkeys/kvsetkeys.sty
Package: kvsetkeys 2022-10-05 v1.19 Key value parser (HO)
) (/Users/weath/Library/TinyTeX/texmf-dist/tex/generic/kvdefinekeys/kvdefinekeys.sty
Package: kvdefinekeys 2019-12-19 v1.6 Define keys (HO)
) (/Users/weath/Library/TinyTeX/texmf-dist/tex/generic/pdfescape/pdfescape.sty
Package: pdfescape 2019/12/09 v1.15 Implements pdfTeX's escape features (HO)
 (/Users/weath/Library/TinyTeX/texmf-dist/tex/generic/ltxcmds/ltxcmds.sty
Package: ltxcmds 2023-12-04 v1.26 LaTeX kernel commands for general use (HO)
) (/Users/weath/Library/TinyTeX/texmf-dist/tex/generic/pdftexcmds/pdftexcmds.sty
Package: pdftexcmds 2020-06-27 v0.33 Utility functions of pdfTeX for LuaTeX (HO)
 (/Users/weath/Library/TinyTeX/texmf-dist/tex/generic/infwarerr/infwarerr.sty
Package: infwarerr 2019/12/03 v1.5 Providing info/warning/error messages (HO)
)
Package pdftexcmds Info: \pdf@primitive is available.
Package pdftexcmds Info: \pdf@ifprimitive is available.
Package pdftexcmds Info: \pdfdraftmode not found.
)) (/Users/weath/Library/TinyTeX/texmf-dist/tex/latex/hycolor/hycolor.sty
Package: hycolor 2020-01-27 v1.10 Color options for hyperref/bookmark (HO)
) (/Users/weath/Library/TinyTeX/texmf-dist/tex/latex/hyperref/nameref.sty
Package: nameref 2023-11-26 v2.56 Cross-referencing by name of section
 (/Users/weath/Library/TinyTeX/texmf-dist/tex/latex/refcount/refcount.sty
Package: refcount 2019/12/15 v3.6 Data extraction from label references (HO)
) (/Users/weath/Library/TinyTeX/texmf-dist/tex/generic/gettitlestring/gettitlestring.sty
Package: gettitlestring 2019/12/15 v1.6 Cleanup title references (HO)
 (/Users/weath/Library/TinyTeX/texmf-dist/tex/latex/kvoptions/kvoptions.sty
Package: kvoptions 2022-06-15 v3.15 Key value format for package options (HO)
))
\c@section@level=\count318
) (/Users/weath/Library/TinyTeX/texmf-dist/tex/generic/stringenc/stringenc.sty
Package: stringenc 2019/11/29 v1.12 Convert strings between diff. encodings (HO)
)
\@linkdim=\dimen193
\Hy@linkcounter=\count319
\Hy@pagecounter=\count320
 (/Users/weath/Library/TinyTeX/texmf-dist/tex/latex/hyperref/pd1enc.def
File: pd1enc.def 2024-11-05 v7.01l Hyperref: PDFDocEncoding definition (HO)
) (/Users/weath/Library/TinyTeX/texmf-dist/tex/generic/intcalc/intcalc.sty
Package: intcalc 2019/12/15 v1.3 Expandable calculations with integers (HO)
)
\Hy@SavedSpaceFactor=\count321
 (/Users/weath/Library/TinyTeX/texmf-dist/tex/latex/hyperref/puenc.def
File: puenc.def 2024-11-05 v7.01l Hyperref: PDF Unicode definition (HO)
)
Package hyperref Info: Option `unicode' set `true' on input line 4040.
Package hyperref Info: Hyper figures OFF on input line 4157.
Package hyperref Info: Link nesting OFF on input line 4162.
Package hyperref Info: Hyper index ON on input line 4165.
Package hyperref Info: Plain pages OFF on input line 4172.
Package hyperref Info: Backreferencing OFF on input line 4177.
Package hyperref Info: Implicit mode ON; LaTeX internals redefined.
Package hyperref Info: Bookmarks ON on input line 4424.
\c@Hy@tempcnt=\count322
 (/Users/weath/Library/TinyTeX/texmf-dist/tex/latex/url/url.sty
\Urlmuskip=\muskip19
Package: url 2013/09/16  ver 3.4  Verb mode for urls, etc.
)
LaTeX Info: Redefining \url on input line 4763.
\XeTeXLinkMargin=\dimen194
 (/Users/weath/Library/TinyTeX/texmf-dist/tex/generic/bitset/bitset.sty
Package: bitset 2019/12/09 v1.3 Handle bit-vector datatype (HO)
 (/Users/weath/Library/TinyTeX/texmf-dist/tex/generic/bigintcalc/bigintcalc.sty
Package: bigintcalc 2019/12/15 v1.5 Expandable calculations on big integers (HO)
))
\Fld@menulength=\count323
\Field@Width=\dimen195
\Fld@charsize=\dimen196
Package hyperref Info: Hyper figures OFF on input line 6042.
Package hyperref Info: Link nesting OFF on input line 6047.
Package hyperref Info: Hyper index ON on input line 6050.
Package hyperref Info: backreferencing OFF on input line 6057.
Package hyperref Info: Link coloring OFF on input line 6062.
Package hyperref Info: Link coloring with OCG OFF on input line 6067.
Package hyperref Info: PDF/A mode OFF on input line 6072.
 (/Users/weath/Library/TinyTeX/texmf-dist/tex/latex/base/atbegshi-ltx.sty
Package: atbegshi-ltx 2021/01/10 v1.0c Emulation of the original atbegshi
package with kernel methods
)
\Hy@abspage=\count324
\c@Item=\count325
\c@Hfootnote=\count326
)
Package hyperref Info: Driver (autodetected): hxetex.
 (/Users/weath/Library/TinyTeX/texmf-dist/tex/latex/hyperref/hxetex.def
File: hxetex.def 2024-11-05 v7.01l Hyperref driver for XeTeX
\pdfm@box=\box68
\c@Hy@AnnotLevel=\count327
\HyField@AnnotCount=\count328
\Fld@listcount=\count329
\c@bookmark@seq@number=\count330
 (/Users/weath/Library/TinyTeX/texmf-dist/tex/latex/rerunfilecheck/rerunfilecheck.sty
Package: rerunfilecheck 2022-07-10 v1.10 Rerun checks for auxiliary files (HO)
 (/Users/weath/Library/TinyTeX/texmf-dist/tex/latex/base/atveryend-ltx.sty
Package: atveryend-ltx 2020/08/19 v1.0a Emulation of the original atveryend package
with kernel methods
) (/Users/weath/Library/TinyTeX/texmf-dist/tex/generic/uniquecounter/uniquecounter.sty
Package: uniquecounter 2019/12/15 v1.4 Provide unlimited unique counter (HO)
)
Package uniquecounter Info: New unique counter `rerunfilecheck' on input line 285.
)
\Hy@SectionHShift=\skip79
) (/Users/weath/Library/TinyTeX/texmf-dist/tex/latex/bookmark/bkm-dvipdfm.def
File: bkm-dvipdfm.def 2023-12-10 v1.31 bookmark driver for dvipdfm (HO)
\BKM@id=\count331
))
No file defer-infinite.aux.
\openout1 = `defer-infinite.aux'.

LaTeX Font Info:    Checking defaults for OML/cmm/m/it on input line 225.
LaTeX Font Info:    ... okay on input line 225.
LaTeX Font Info:    Checking defaults for OMS/cmsy/m/n on input line 225.
LaTeX Font Info:    ... okay on input line 225.
LaTeX Font Info:    Checking defaults for OT1/cmr/m/n on input line 225.
LaTeX Font Info:    ... okay on input line 225.
LaTeX Font Info:    Checking defaults for T1/cmr/m/n on input line 225.
LaTeX Font Info:    ... okay on input line 225.
LaTeX Font Info:    Checking defaults for TS1/cmr/m/n on input line 225.
LaTeX Font Info:    ... okay on input line 225.
LaTeX Font Info:    Checking defaults for TU/lmr/m/n on input line 225.
LaTeX Font Info:    ... okay on input line 225.
LaTeX Font Info:    Checking defaults for OMX/cmex/m/n on input line 225.
LaTeX Font Info:    ... okay on input line 225.
LaTeX Font Info:    Checking defaults for U/cmr/m/n on input line 225.
LaTeX Font Info:    ... okay on input line 225.
LaTeX Font Info:    Checking defaults for PD1/pdf/m/n on input line 225.
LaTeX Font Info:    ... okay on input line 225.
LaTeX Font Info:    Checking defaults for PU/pdf/m/n on input line 225.
LaTeX Font Info:    ... okay on input line 225.
Package scrbase Info: activating english \abstractname on input line 225.
Package scrbase Info: activating english \partname on input line 225.
Package scrbase Info: activating english \figurename on input line 225.
Package scrbase Info: activating english \tablename on input line 225.
Package scrbase Info: activating english \contentsname on input line 225.
Package scrbase Info: activating english \listfigurename on input line 225.
Package scrbase Info: activating english \listtablename on input line 225.
Package scrbase Info: activating english \refname on input line 225.
Package scrbase Info: activating english \indexname on input line 225.
LaTeX Font Info:    Overwriting math alphabet `\mathtt' in version `normal'
(Font)                  OT1/lmtt/m/n --> TU/lmtt/m/n on input line 225.
LaTeX Font Info:    Overwriting math alphabet `\mathtt' in version `bold'
(Font)                  OT1/lmtt/m/n --> TU/lmtt/b/n on input line 225.
*geometry* driver: auto-detecting
*geometry* detected driver: xetex
*geometry* verbose mode - [ preamble ] result:
* driver: xetex
* paper: custom
* layout: <same size as paper>
* layoutoffset:(h,v)=(0.0pt,0.0pt)
* modes: includemp twoside 
* h-part:(L,W,R)=(79.49744pt, 354.12257pt, 72.26999pt)
* v-part:(T,H,B)=(57.81621pt, 570.93257pt, 57.81621pt)
* \paperwidth=505.89pt
* \paperheight=686.56499pt
* \textwidth=354.12257pt
* \textheight=570.93257pt
* \oddsidemargin=7.22745pt
* \evensidemargin=0.0pt
* \topmargin=-51.85379pt
* \headheight=17.0pt
* \headsep=20.40001pt
* \topskip=11.0pt
* \footskip=47.6pt
* \marginparwidth=0.0pt
* \marginparsep=0.0pt
* \columnsep=10.0pt
* \skip\footins=10.0pt plus 4.0pt minus 2.0pt
* \hoffset=0.0pt
* \voffset=0.0pt
* \mag=1000
* \@twocolumnfalse
* \@twosidetrue
* \@mparswitchtrue
* \@reversemarginfalse
* (1in=72.27pt=25.4mm, 1cm=28.453pt)

Package caption Info: Begin \AtBeginDocument code.
Package caption Info: float package is loaded.
Package caption Info: hyperref package is loaded.
Package caption Info: End \AtBeginDocument code.
Package hyperref Info: Link coloring OFF on input line 225.

Package hyperref Warning: Rerun to get /PageLabels entry.

LaTeX Font Info:    Font shape `TU/EBGaramond(0)/m/n' will be
(Font)              scaled to size 10.90906pt on input line 227.
LaTeX Font Info:    Font shape `TU/EBGaramond(0)/b/n' will be
(Font)              scaled to size 10.90906pt on input line 227.
LaTeX Font Info:    Font shape `TU/EBGaramondMath(0)/b/n' will be
(Font)              scaled to size 10.95pt on input line 227.
LaTeX Font Info:    Font shape `TU/EBGaramondMath(0)/m/it' will be
(Font)              scaled to size 10.95pt on input line 227.
LaTeX Font Info:    Font shape `TU/EBGaramondMath(0)/m/it' will be
(Font)              scaled to size 20.74pt on input line 227.
LaTeX Font Info:    Font shape `TU/Garamond-Math(1)/m/n' will be
(Font)              scaled to size 18.36649pt on input line 227.
LaTeX Font Info:    Font shape `TU/Garamond-Math(1)/m/n' will be
(Font)              scaled to size 12.75204pt on input line 227.
LaTeX Font Info:    Font shape `TU/Garamond-Math(1)/m/n' will be
(Font)              scaled to size 10.62671pt on input line 227.
LaTeX Font Info:    Trying to load font information for OML+lmm on input line 227.
(/Users/weath/Library/TinyTeX/texmf-dist/tex/latex/lm/omllmm.fd
File: omllmm.fd 2015/05/01 v1.6.1 Font defs for Latin Modern
)
LaTeX Font Info:    Font shape `TU/Garamond-Math(2)/m/n' will be
(Font)              scaled to size 18.3684pt on input line 227.
LaTeX Font Info:    Font shape `TU/Garamond-Math(2)/m/n' will be
(Font)              scaled to size 12.75336pt on input line 227.
LaTeX Font Info:    Font shape `TU/Garamond-Math(2)/m/n' will be
(Font)              scaled to size 10.6278pt on input line 227.
LaTeX Font Info:    Font shape `TU/Garamond-Math(3)/m/n' will be
(Font)              scaled to size 18.36491pt on input line 227.
LaTeX Font Info:    Font shape `TU/Garamond-Math(3)/m/n' will be
(Font)              scaled to size 12.75095pt on input line 227.
LaTeX Font Info:    Font shape `TU/Garamond-Math(3)/m/n' will be
(Font)              scaled to size 10.6258pt on input line 227.
LaTeX Font Info:    Trying to load font information for U+msa on input line 227.
 (/Users/weath/Library/TinyTeX/texmf-dist/tex/latex/amsfonts/umsa.fd
File: umsa.fd 2013/01/14 v3.01 AMS symbols A
)
LaTeX Font Info:    Trying to load font information for U+msb on input line 227.
 (/Users/weath/Library/TinyTeX/texmf-dist/tex/latex/amsfonts/umsb.fd
File: umsb.fd 2013/01/14 v3.01 AMS symbols B
)
LaTeX Font Info:    Font shape `TU/EBGaramondMath(0)/m/it' will be
(Font)              scaled to size 14.4pt on input line 227.
LaTeX Font Info:    Font shape `TU/EBGaramondMath(0)/m/it' will be
(Font)              scaled to size 18.72003pt on input line 227.
LaTeX Font Info:    Font shape `TU/EBGaramondMath(0)/m/n' will be
(Font)              scaled to size 14.4pt on input line 227.
LaTeX Font Info:    Font shape `TU/Garamond-Math(1)/m/n' will be
(Font)              scaled to size 8.85559pt on input line 227.
LaTeX Font Info:    Font shape `TU/Garamond-Math(1)/m/n' will be
(Font)              scaled to size 6.19891pt on input line 227.
LaTeX Font Info:    Font shape `TU/Garamond-Math(2)/m/n' will be
(Font)              scaled to size 8.8565pt on input line 227.
LaTeX Font Info:    Font shape `TU/Garamond-Math(2)/m/n' will be
(Font)              scaled to size 6.19955pt on input line 227.
LaTeX Font Info:    Font shape `TU/Garamond-Math(3)/m/n' will be
(Font)              scaled to size 8.85483pt on input line 227.
LaTeX Font Info:    Font shape `TU/Garamond-Math(3)/m/n' will be
(Font)              scaled to size 6.19838pt on input line 227.
LaTeX Font Info:    Font shape `TU/EBGaramondMath(0)/m/n' will be
(Font)              scaled to size 9.0pt on input line 227.
LaTeX Font Info:    Font shape `TU/Garamond-Math(1)/m/n' will be
(Font)              scaled to size 7.97003pt on input line 227.
LaTeX Font Info:    Font shape `TU/Garamond-Math(1)/m/n' will be
(Font)              scaled to size 5.31335pt on input line 227.
LaTeX Font Info:    Font shape `TU/Garamond-Math(1)/m/n' will be
(Font)              scaled to size 4.4278pt on input line 227.
LaTeX Font Info:    Font shape `TU/Garamond-Math(2)/m/n' will be
(Font)              scaled to size 7.97086pt on input line 227.
LaTeX Font Info:    Font shape `TU/Garamond-Math(2)/m/n' will be
(Font)              scaled to size 5.3139pt on input line 227.
LaTeX Font Info:    Font shape `TU/Garamond-Math(2)/m/n' will be
(Font)              scaled to size 4.42825pt on input line 227.
LaTeX Font Info:    Font shape `TU/Garamond-Math(3)/m/n' will be
(Font)              scaled to size 7.96935pt on input line 227.
LaTeX Font Info:    Font shape `TU/Garamond-Math(3)/m/n' will be
(Font)              scaled to size 5.3129pt on input line 227.
LaTeX Font Info:    Font shape `TU/Garamond-Math(3)/m/n' will be
(Font)              scaled to size 4.42741pt on input line 227.
LaTeX Font Info:    Font shape `TU/EBGaramondMath(0)/m/n' will be
(Font)              scaled to size 6.0pt on input line 227.
LaTeX Font Info:    Font shape `TU/EBGaramondMath(0)/m/n' will be
(Font)              scaled to size 10.0pt on input line 227.
LaTeX Font Info:    Font shape `TU/EBGaramondMath(0)/m/it' will be
(Font)              scaled to size 10.0pt on input line 227.
LaTeX Font Info:    Font shape `TU/Garamond-Math(1)/m/n' will be
(Font)              scaled to size 6.7878pt on input line 242.
LaTeX Font Info:    Font shape `TU/Garamond-Math(1)/m/n' will be
(Font)              scaled to size 4.84843pt on input line 242.
LaTeX Font Info:    Font shape `TU/Garamond-Math(2)/m/n' will be
(Font)              scaled to size 9.69786pt on input line 242.
LaTeX Font Info:    Font shape `TU/Garamond-Math(2)/m/n' will be
(Font)              scaled to size 6.7885pt on input line 242.
LaTeX Font Info:    Font shape `TU/Garamond-Math(2)/m/n' will be
(Font)              scaled to size 4.84894pt on input line 242.
LaTeX Font Info:    Font shape `TU/Garamond-Math(3)/m/n' will be
(Font)              scaled to size 9.69603pt on input line 242.
LaTeX Font Info:    Font shape `TU/Garamond-Math(3)/m/n' will be
(Font)              scaled to size 6.78722pt on input line 242.
LaTeX Font Info:    Font shape `TU/Garamond-Math(3)/m/n' will be
(Font)              scaled to size 4.84802pt on input line 242.
LaTeX Font Info:    Font shape `TU/EBGaramondMath(0)/m/n' will be
(Font)              scaled to size 7.665pt on input line 242.
LaTeX Font Info:    Font shape `TU/EBGaramondMath(0)/b/n' will be
(Font)              scaled to size 9.0pt on input line 244.


LaTeX Warning: Citation `ref-ElkinPettigrew2025' on page 1 undefined on input line 244.


LaTeX Warning: Citation `ref-Blackwell1953' on page 1 undefined on input line 248.

LaTeX Font Info:    Font shape `TU/EBGaramondMath(0)/b/n' will be
(Font)              scaled to size 14.4pt on input line 267.


LaTeX Font Info:    Font shape `TU/EBGaramondMath(0)/m/sl' in size <10.95> not available
(Font)              Font shape `TU/EBGaramondMath(0)/m/it' tried instead on input line 280.
LaTeX Font Info:    Font shape `TU/EBGaramondMath(0)/m/it' will be
(Font)              scaled to size 10.95pt on input line 280.
[1


]

LaTeX Warning: Citation `ref-Gallow2018' on page 2 undefined on input line 300.


LaTeX Warning: Citation `ref-Zhang2025' on page 2 undefined on input line 325.


LaTeX Warning: Citation `ref-PettigrewWeisberg2024' on page 2 undefined on input line 331.



LaTeX Font Info:    Font shape `TU/EBGaramondMath(0)/b/sl' in size <10.95> not available
(Font)              Font shape `TU/EBGaramondMath(0)/b/it' tried instead on input line 338.
LaTeX Font Info:    Font shape `TU/EBGaramondMath(0)/b/it' will be
(Font)              scaled to size 10.95pt on input line 338.
[2]

[3]

LaTeX Warning: Reference `fig-two-experts' on page 4 undefined on input line 465.

File: defer-infinite_files/figure-pdf/fig-two-experts-1.pdf Graphic file (type pdf)
<use defer-infinite_files/figure-pdf/fig-two-experts-1.pdf>

LaTeX Warning: Citation `ref-Levinstein2015' on page 4 undefined on input line 482.


LaTeX Warning: Reference `fig-two-experts-heads' on page 4 undefined on input line 488.



[4]
File: defer-infinite_files/figure-pdf/fig-two-experts-heads-1.pdf Graphic file (type pdf)
<use defer-infinite_files/figure-pdf/fig-two-experts-heads-1.pdf>


LaTeX Warning: Citation `ref-Blackwell1953' on page 5 undefined on input line 518.

LaTeX Font Info:    Font shape `TU/EBGaramondMath(0)/m/it' will be
(Font)              scaled to size 7.665pt on input line 521.

LaTeX Warning: Citation `ref-Schoenfield2017' on page 5 undefined on input line 535.


LaTeX Warning: Citation `ref-Gallow2021' on page 5 undefined on input line 535.


LaTeX Warning: Citation `ref-Isaacs2023' on page 5 undefined on input line 535.


LaTeX Warning: Citation `ref-ZendejasMedina2023' on page 5 undefined on input line 535.


LaTeX Warning: Citation `ref-Ye2025' on page 5 undefined on input line 535.


Underfull \vbox (badness 4492) has occurred while \output is active []



[5]

[6]

LaTeX Warning: Citation `ref-DorstEtAl2021' on page 7 undefined on input line 585.


Overfull \hbox (40.66426pt too wide) in paragraph at lines 584--593
\TU/EBGaramondMath(0)/m/n/10.95 case for all \TU/EBGaramondMath(0)/m/it/10.95 w \TU/EBGaramondMath(0)/m/n/10.95 in W, and alternative options O$[]$ in O, Exp(S(\TU/EBGaramondMath(0)/m/it/10.95 w\TU/EBGaramondMath(0)/m/n/10.95 ), Pr( | E(\TU/EBGaramondMath(0)/m/it/10.95 w\TU/EBGaramondMath(0)/m/n/10.95 )))  Exp(O$[]$, Pr( | E(\TU/EBGaramondMath(0)/m/it/10.95 w\TU/EBGaramondMath(0)/m/n/10.95 ))).
 []


LaTeX Warning: Citation `ref-Das2023' on page 7 undefined on input line 615.


LaTeX Warning: Citation `ref-LeCam1996' on page 7 undefined on input line 616.



[7]

LaTeX Warning: Citation `ref-Geanakoplos1989' on page 8 undefined on input line 630.


LaTeX Warning: Citation `ref-Spencer2018' on page 8 undefined on input line 672.


LaTeX Warning: Citation `ref-Dorst2019' on page 8 undefined on input line 673.


LaTeX Warning: Citation `ref-Williamson2019' on page 8 undefined on input line 674.


LaTeX Warning: Citation `ref-Das2023' on page 8 undefined on input line 675.



[8]

LaTeX Warning: Reference `sec-nesting' on page 9 undefined on input line 781.


LaTeX Warning: Citation `ref-DorstEtAl2021' on page 9 undefined on input line 787.



[9]

LaTeX Warning: Citation `ref-DorstEtAl2021' on page 10 undefined on input line 795.


LaTeX Warning: Reference `sec-nesting' on page 10 undefined on input line 830.



[10]
Underfull \hbox (badness 1038) in paragraph at lines 859--877
[]\TU/EBGaramondMath(0)/m/n/10.95 On the other hand,  does Totally Trust \TU/EBGaramondMath(0)/b/n/10.95 Coin\TU/EBGaramondMath(0)/m/n/10.95 . For any random variable X
 []



[11]
Underfull \hbox (badness 1577) in paragraph at lines 915--921
[]\TU/EBGaramondMath(0)/m/n/10.95 The Novice probability does not Totally Trust this frame. Let Y be a ran-
 []


LaTeX Warning: Reference `sec-nesting' on page 12 undefined on input line 936.



[12]

LaTeX Warning: Reference `sec-gallow' on page 13 undefined on input line 978.


LaTeX Warning: Reference `sec-nesting' on page 13 undefined on input line 980.

LaTeX Font Info:    Font shape `TU/EBGaramondMath(0)/b/n' will be
(Font)              scaled to size 12.0pt on input line 992.


[13]
Underfull \hbox (badness 2529) in paragraph at lines 1040--1043
[]\TU/EBGaramondMath(0)/m/n/10.95 . 2021. Updating for Externalists. \TU/EBGaramondMath(0)/m/it/10.95 Nos \TU/EBGaramondMath(0)/m/n/10.95 55 (3): 487516. doi:
 []


Underfull \hbox (badness 2970) in paragraph at lines 1056--1059
[]\TU/EBGaramondMath(0)/m/n/10.95 Levinstein, Benjamin Anders. 2015. With All Due Respect: The Macro-
 []


Overfull \hbox (11.25089pt too wide) in paragraph at lines 1072--1075
[]\TU/EBGaramondMath(0)/m/n/10.95 Spencer, Jack. 2018. No Crystal Balls. \TU/EBGaramondMath(0)/m/it/10.95 Nos \TU/EBGaramondMath(0)/m/n/10.95 54 (1): 10525. doi: []10.1111/nous.12252[]. 
 []


Underfull \hbox (badness 1412) in paragraph at lines 1077--1082
[]\TU/EBGaramondMath(0)/m/n/10.95 Williamson, Timothy. 2019. Evidence of Evidence in Epistemic Logic. In
 []


Underfull \hbox (badness 6927) in paragraph at lines 1077--1082
\TU/EBGaramondMath(0)/m/it/10.95 Higher-Order Evidence: New Essays\TU/EBGaramondMath(0)/m/n/10.95 , edited by Mattias Skipper and As-
 []


Underfull \hbox (badness 2932) in paragraph at lines 1077--1082
\TU/EBGaramondMath(0)/m/n/10.95 bjrn Steglich-Petersen, 26597. Oxford: Oxford University Press. doi:
 []



[14] (./defer-infinite.aux)
 ***********
LaTeX2e <2024-11-01> patch level 2
L3 programming layer <2025-01-18>
 ***********


LaTeX Warning: There were undefined references.


LaTeX Warning: Label(s) may have changed. Rerun to get cross-references right.

 ) 
Here is how much of TeX's memory you used:
 23210 strings out of 475846
 473564 string characters out of 5774156
 1179353 words of memory out of 5000000
 45834 multiletter control sequences out of 15000+600000
 570376 words of font info for 145 fonts, out of 8000000 for 9000
 14 hyphenation exceptions out of 8191
 108i,21n,116p,10909b,592s stack positions out of 10000i,1000n,20000p,200000b,200000s

Output written on defer-infinite.pdf (14 pages).
